<?xml version="1.0" encoding="UTF-8"?>
<coverage generated="1548933560283" clover="3.2.0">
  <project timestamp="1548933560284" name="All files">
    <metrics statements="42" coveredstatements="42" conditionals="22" coveredconditionals="20" methods="5" coveredmethods="5" elements="69" coveredelements="67" complexity="0" loc="42" ncloc="42" packages="2" files="2" classes="2"/>
    <package name="src">
      <metrics statements="16" coveredstatements="16" conditionals="15" coveredconditionals="14" methods="3" coveredmethods="3"/>
      <file name="converter.ts" path="/Users/davide.gheri/Code/others/react-native-fontawesome/src/converter.ts">
        <metrics statements="16" coveredstatements="16" conditionals="15" coveredconditionals="14" methods="3" coveredmethods="3"/>
        <line num="1" count="2" type="stmt"/>
        <line num="3" count="2" type="stmt"/>
        <line num="5" count="2" type="stmt"/>
        <line num="16" count="2" type="stmt"/>
        <line num="17" count="100" type="stmt"/>
        <line num="20" count="4" type="stmt"/>
        <line num="22" count="4" type="stmt"/>
        <line num="24" count="4" type="stmt"/>
        <line num="26" count="31" type="stmt"/>
        <line num="27" count="31" type="stmt"/>
        <line num="29" count="57" type="stmt"/>
        <line num="33" count="40" type="cond" truecount="1" falsecount="1"/>
        <line num="34" count="40" type="cond" truecount="2" falsecount="0"/>
        <line num="36" count="40" type="stmt"/>
        <line num="38" count="40" type="stmt"/>
        <line num="49" count="40" type="stmt"/>
      </file>
    </package>
    <package name="src.components">
      <metrics statements="26" coveredstatements="26" conditionals="7" coveredconditionals="6" methods="2" coveredmethods="2"/>
      <file name="FontawesomeIcon.tsx" path="/Users/davide.gheri/Code/others/react-native-fontawesome/src/components/FontawesomeIcon.tsx">
        <metrics statements="26" coveredstatements="26" conditionals="7" coveredconditionals="6" methods="2" coveredmethods="2"/>
        <line num="1" count="1" type="stmt"/>
        <line num="2" count="1" type="stmt"/>
        <line num="3" count="1" type="stmt"/>
        <line num="4" count="1" type="stmt"/>
        <line num="5" count="1" type="stmt"/>
        <line num="6" count="1" type="stmt"/>
        <line num="25" count="21" type="stmt"/>
        <line num="28" count="1" type="stmt"/>
        <line num="31" count="1" type="stmt"/>
        <line num="34" count="20" type="stmt"/>
        <line num="38" count="1" type="stmt"/>
        <line num="39" count="22" type="stmt"/>
        <line num="41" count="22" type="stmt"/>
        <line num="44" count="1" type="stmt"/>
        <line num="45" count="1" type="stmt"/>
        <line num="48" count="21" type="stmt"/>
        <line num="50" count="21" type="cond" truecount="1" falsecount="1"/>
        <line num="52" count="21" type="stmt"/>
        <line num="61" count="2" type="stmt"/>
        <line num="62" count="2" type="stmt"/>
        <line num="65" count="19" type="stmt"/>
        <line num="67" count="19" type="stmt"/>
        <line num="69" count="19" type="stmt"/>
        <line num="72" count="1" type="stmt"/>
        <line num="74" count="1" type="stmt"/>
        <line num="112" count="1" type="stmt"/>
      </file>
    </package>
  </project>
</coverage>
