{"/Users/davide.gheri/Code/others/react-native-fontawesome/src/converter.ts": {"path":"/Users/davide.gheri/Code/others/react-native-fontawesome/src/converter.ts","statementMap":{"0":{"start":{"line":1,"column":0},"end":{"line":1,"column":26}},"1":{"start":{"line":3,"column":0},"end":{"line":3,"column":84}},"2":{"start":{"line":5,"column":13},"end":{"line":14,"column":2}},"3":{"start":{"line":17,"column":15},"end":{"line":17,"column":17}},"4":{"start":{"line":20,"column":6},"end":{"line":20,"column":25}},"5":{"start":{"line":22,"column":6},"end":{"line":22,"column":28}},"6":{"start":{"line":24,"column":6},"end":{"line":24,"column":26}},"7":{"start":{"line":26,"column":20},"end":{"line":26,"column":67}},"8":{"start":{"line":27,"column":6},"end":{"line":27,"column":26}},"9":{"start":{"line":29,"column":6},"end":{"line":29,"column":18}},"10":{"start":{"line":16,"column":0},"end":{"line":16,"column":16}},"11":{"start":{"line":33,"column":47},"end":{"line":33,"column":99}},"12":{"start":{"line":34,"column":25},"end":{"line":34,"column":119}},"13":{"start":{"line":34,"column":69},"end":{"line":34,"column":114}},"14":{"start":{"line":36,"column":10},"end":{"line":36,"column":14}},"15":{"start":{"line":36,"column":16},"end":{"line":36,"column":21}},"16":{"start":{"line":38,"column":16},"end":{"line":46,"column":null}},"17":{"start":{"line":49,"column":2},"end":{"line":49,"column":66}},"18":{"start":{"line":33,"column":0},"end":{"line":33,"column":16}}},"fnMap":{"0":{"name":"sizeToInt","decl":{"start":{"line":16,"column":16},"end":{"line":16,"column":25}},"loc":{"start":{"line":16,"column":41},"end":{"line":31,"column":1}}},"1":{"name":"convert","decl":{"start":{"line":33,"column":16},"end":{"line":33,"column":23}},"loc":{"start":{"line":33,"column":120},"end":{"line":50,"column":1}}},"2":{"name":"(anonymous_3)","decl":{"start":{"line":34,"column":59},"end":{"line":34,"column":60}},"loc":{"start":{"line":34,"column":64},"end":{"line":34,"column":76}}}},"branchMap":{"0":{"loc":{"start":{"line":19,"column":4},"end":{"line":20,"column":25}},"type":"switch","locations":[{"start":{"line":19,"column":4},"end":{"line":20,"column":25}},{"start":{"line":21,"column":4},"end":{"line":22,"column":28}},{"start":{"line":23,"column":4},"end":{"line":24,"column":26}},{"start":{"line":25,"column":4},"end":{"line":27,"column":26}},{"start":{"line":28,"column":4},"end":{"line":29,"column":18}}]},"1":{"loc":{"start":{"line":25,"column":9},"end":{"line":25,"column":33}},"type":"binary-expr","locations":[{"start":{"line":25,"column":9},"end":{"line":25,"column":33}},{"start":{"line":25,"column":38},"end":{"line":25,"column":98}}]},"2":{"loc":{"start":{"line":33,"column":47},"end":{"line":33,"column":99}},"type":"if","locations":[{"start":{"line":33,"column":47},"end":{"line":33,"column":99}},{"start":{"line":33,"column":47},"end":{"line":33,"column":99}}]},"3":{"loc":{"start":{"line":34,"column":41},"end":{"line":34,"column":114}},"type":"cond-expr","locations":[{"start":{"line":34,"column":41},"end":{"line":34,"column":114}},{"start":{"line":34,"column":117},"end":{"line":34,"column":119}}]},"4":{"loc":{"start":{"line":41,"column":10},"end":{"line":41,"column":15}},"type":"cond-expr","locations":[{"start":{"line":41,"column":10},"end":{"line":41,"column":15}},{"start":{"line":41,"column":18},"end":{"line":41,"column":22}}]},"5":{"loc":{"start":{"line":42,"column":12},"end":{"line":42,"column":25}},"type":"cond-expr","locations":[{"start":{"line":42,"column":12},"end":{"line":42,"column":25}},{"start":{"line":42,"column":28},"end":{"line":42,"column":32}}]}},"s":{"0":2,"1":2,"2":2,"3":100,"4":4,"5":4,"6":4,"7":31,"8":31,"9":57,"10":2,"11":40,"12":40,"13":21,"14":40,"15":40,"16":40,"17":40,"18":2},"f":{"0":100,"1":40,"2":21},"b":{"0":[4,4,4,31,57],"1":[88,32],"2":[0,40],"3":[21,19],"4":[21,19],"5":[2,38]}}
,"/Users/davide.gheri/Code/others/react-native-fontawesome/src/components/FontawesomeIcon.tsx": {"path":"/Users/davide.gheri/Code/others/react-native-fontawesome/src/components/FontawesomeIcon.tsx","statementMap":{"0":{"start":{"line":1,"column":0},"end":{"line":1,"column":26}},"1":{"start":{"line":2,"column":0},"end":{"line":2,"column":36}},"2":{"start":{"line":3,"column":0},"end":{"line":3,"column":35}},"3":{"start":{"line":4,"column":0},"end":{"line":4,"column":149}},"4":{"start":{"line":5,"column":0},"end":{"line":5,"column":39}},"5":{"start":{"line":6,"column":0},"end":{"line":6,"column":28}},"6":{"start":{"line":25,"column":4},"end":{"line":25,"column":16}},"7":{"start":{"line":28,"column":4},"end":{"line":28,"column":50}},"8":{"start":{"line":31,"column":4},"end":{"line":31,"column":30}},"9":{"start":{"line":34,"column":4},"end":{"line":34,"column":45}},"10":{"start":{"line":38,"column":43},"end":{"line":70,"column":1}},"11":{"start":{"line":39,"column":10},"end":{"line":39,"column":24}},"12":{"start":{"line":39,"column":26},"end":{"line":39,"column":40}},"13":{"start":{"line":39,"column":42},"end":{"line":39,"column":48}},"14":{"start":{"line":39,"column":50},"end":{"line":39,"column":55}},"15":{"start":{"line":39,"column":57},"end":{"line":39,"column":81}},"16":{"start":{"line":39,"column":83},"end":{"line":39,"column":87}},"17":{"start":{"line":39,"column":89},"end":{"line":39,"column":94}},"18":{"start":{"line":39,"column":96},"end":{"line":39,"column":101}},"19":{"start":{"line":41,"column":21},"end":{"line":41,"column":48}},"20":{"start":{"line":44,"column":4},"end":{"line":44,"column":41}},"21":{"start":{"line":45,"column":4},"end":{"line":45,"column":16}},"22":{"start":{"line":48,"column":15},"end":{"line":48,"column":42}},"23":{"start":{"line":50,"column":20},"end":{"line":50,"column":102}},"24":{"start":{"line":52,"column":18},"end":{"line":57,"column":null}},"25":{"start":{"line":61,"column":4},"end":{"line":61,"column":43}},"26":{"start":{"line":62,"column":4},"end":{"line":62,"column":16}},"27":{"start":{"line":65,"column":18},"end":{"line":65,"column":37}},"28":{"start":{"line":67,"column":14},"end":{"line":67,"column":45}},"29":{"start":{"line":69,"column":2},"end":{"line":69,"column":49}},"30":{"start":{"line":72,"column":0},"end":{"line":72,"column":26}},"31":{"start":{"line":74,"column":0},"end":{"line":110,"column":2}},"32":{"start":{"line":112,"column":0},"end":{"line":112,"column":20}}},"fnMap":{"0":{"name":"normalizeIconArgs","decl":{"start":{"line":23,"column":9},"end":{"line":23,"column":26}},"loc":{"start":{"line":23,"column":42},"end":{"line":36,"column":1}}},"1":{"name":"(anonymous_2)","decl":{"start":{"line":38,"column":43},"end":{"line":38,"column":44}},"loc":{"start":{"line":38,"column":60},"end":{"line":70,"column":1}}}},"branchMap":{"0":{"loc":{"start":{"line":27,"column":6},"end":{"line":27,"column":25}},"type":"binary-expr","locations":[{"start":{"line":27,"column":6},"end":{"line":27,"column":25}},{"start":{"line":27,"column":29},"end":{"line":27,"column":46}}]},"1":{"loc":{"start":{"line":30,"column":6},"end":{"line":30,"column":30}},"type":"binary-expr","locations":[{"start":{"line":30,"column":6},"end":{"line":30,"column":30}},{"start":{"line":30,"column":35},"end":{"line":30,"column":61}},{"start":{"line":30,"column":66},"end":{"line":30,"column":94}}]},"2":{"loc":{"start":{"line":50,"column":56},"end":{"line":50,"column":86}},"type":"cond-expr","locations":[{"start":{"line":50,"column":56},"end":{"line":50,"column":86}},{"start":{"line":50,"column":89},"end":{"line":50,"column":102}}]}},"s":{"0":1,"1":1,"2":1,"3":1,"4":1,"5":1,"6":21,"7":1,"8":1,"9":20,"10":1,"11":22,"12":22,"13":22,"14":22,"15":22,"16":22,"17":22,"18":22,"19":22,"20":1,"21":1,"22":21,"23":21,"24":21,"25":2,"26":2,"27":19,"28":19,"29":19,"30":1,"31":1,"32":1},"f":{"0":43,"1":22},"b":{"0":[22,1],"1":[21,1,1],"2":[0,21]}}
}
