TN:
SF:/Users/davide.gheri/Code/others/react-native-fontawesome/src/converter.ts
FN:16,sizeToInt
FN:33,convert
FN:34,(anonymous_3)
FNF:3
FNH:3
FNDA:100,sizeToInt
FNDA:40,convert
FNDA:21,(anonymous_3)
DA:1,2
DA:3,2
DA:5,2
DA:16,2
DA:17,100
DA:20,4
DA:22,4
DA:24,4
DA:26,31
DA:27,31
DA:29,57
DA:33,40
DA:34,40
DA:36,40
DA:38,40
DA:49,40
LF:16
LH:16
BRDA:19,0,0,4
BRDA:19,0,1,4
BRDA:19,0,2,4
BRDA:19,0,3,31
BRDA:19,0,4,57
BRDA:25,1,0,88
BRDA:25,1,1,32
BRDA:33,2,0,0
BRDA:33,2,1,40
BRDA:34,3,0,21
BRDA:34,3,1,19
BRDA:41,4,0,21
BRDA:41,4,1,19
BRDA:42,5,0,2
BRDA:42,5,1,38
BRF:15
BRH:14
end_of_record
TN:
SF:/Users/davide.gheri/Code/others/react-native-fontawesome/src/components/FontawesomeIcon.tsx
FN:23,normalizeIconArgs
FN:38,(anonymous_2)
FNF:2
FNH:2
FNDA:43,normalizeIconArgs
FNDA:22,(anonymous_2)
DA:1,1
DA:2,1
DA:3,1
DA:4,1
DA:5,1
DA:6,1
DA:25,21
DA:28,1
DA:31,1
DA:34,20
DA:38,1
DA:39,22
DA:41,22
DA:44,1
DA:45,1
DA:48,21
DA:50,21
DA:52,21
DA:61,2
DA:62,2
DA:65,19
DA:67,19
DA:69,19
DA:72,1
DA:74,1
DA:112,1
LF:26
LH:26
BRDA:27,0,0,22
BRDA:27,0,1,1
BRDA:30,1,0,21
BRDA:30,1,1,1
BRDA:30,1,2,1
BRDA:50,2,0,0
BRDA:50,2,1,21
BRF:7
BRH:6
end_of_record
